<?xml version="1.0" encoding="UTF-8"?>
<!-- Generated by org.testng.reporters.JUnitXMLReporter -->
<testsuite ignored="0" hostname="Garimas-MacBook.local" failures="1" tests="1" name="Test" time="6.447" errors="0" timestamp="2023-11-13T20:03:44 PST">
  <testcase classname="testCase.LoginTest" name="loginTest1" time="0.052">
    <failure type="java.io.FileNotFoundException" message="/Users/ubhada001c/eclipse-workspace/SalesforceAutomationFramework\src\test\resources\configFilesData\config.properties (No such file or directory)">
      <![CDATA[java.io.FileNotFoundException: /Users/ubhada001c/eclipse-workspace/SalesforceAutomationFramework\src\test\resources\configFilesData\config.properties (No such file or directory)
at java.base/java.io.FileInputStream.open0(Native Method)
at java.base/java.io.FileInputStream.open(FileInputStream.java:213)
at java.base/java.io.FileInputStream.<init>(FileInputStream.java:155)
at java.base/java.io.FileReader.<init>(FileReader.java:75)
at utilities.ReadpropertyFile.readPropertyFile(ReadpropertyFile.java:17)
at pages.LoginPage.loginIntoApp(LoginPage.java:63)
at testCase.LoginTest.loginTest1(LoginTest.java:23)
at java.base/java.util.ArrayList.forEach(ArrayList.java:1507)
... Removed 27 stack frames]]>
    </failure>
  </testcase> <!-- loginTest1 -->
</testsuite> <!-- Test -->
